Performing C SOURCE FILE Test CMAKE_HAVE_LIBC_PTHREAD failed with the following output:
Change Dir: /home/chen/fault_tolerant_control/build/mav_planning_msgs/CMakeFiles/CMakeTmp

Run Build Command(s):/usr/bin/make -f Makefile cmTC_cedb0/fast && /usr/bin/make  -f CMakeFiles/cmTC_cedb0.dir/build.make CMakeFiles/cmTC_cedb0.dir/build
make[1]: Entering directory '/home/chen/fault_tolerant_control/build/mav_planning_msgs/CMakeFiles/CMakeTmp'
Building C object CMakeFiles/cmTC_cedb0.dir/src.c.o
/usr/bin/cc -DCMAKE_HAVE_LIBC_PTHREAD   -o CMakeFiles/cmTC_cedb0.dir/src.c.o -c /home/chen/fault_tolerant_control/build/mav_planning_msgs/CMakeFiles/CMakeTmp/src.c
Linking C executable cmTC_cedb0
/usr/bin/cmake -E cmake_link_script CMakeFiles/cmTC_cedb0.dir/link.txt --verbose=1
/usr/bin/cc -rdynamic CMakeFiles/cmTC_cedb0.dir/src.c.o -o cmTC_cedb0 
CMakeFiles/cmTC_cedb0.dir/src.c.o: In function `main':
src.c:(.text+0x3e): undefined reference to `pthread_create'
src.c:(.text+0x4a): undefined reference to `pthread_detach'
src.c:(.text+0x56): undefined reference to `pthread_cancel'
src.c:(.text+0x67): undefined reference to `pthread_join'
src.c:(.text+0x7b): undefined reference to `pthread_atfork'
collect2: error: ld returned 1 exit status
CMakeFiles/cmTC_cedb0.dir/build.make:98: recipe for target 'cmTC_cedb0' failed
make[1]: *** [cmTC_cedb0] Error 1
make[1]: Leaving directory '/home/chen/fault_tolerant_control/build/mav_planning_msgs/CMakeFiles/CMakeTmp'
Makefile:127: recipe for target 'cmTC_cedb0/fast' failed
make: *** [cmTC_cedb0/fast] Error 2


Source file was:
#include <pthread.h>

static void* test_func(void* data)
{
  return data;
}

int main(void)
{
  pthread_t thread;
  pthread_create(&thread, NULL, test_func, NULL);
  pthread_detach(thread);
  pthread_cancel(thread);
  pthread_join(thread, NULL);
  pthread_atfork(NULL, NULL, NULL);
  pthread_exit(NULL);

  return 0;
}

Determining if the function pthread_create exists in the pthreads failed with the following output:
Change Dir: /home/chen/fault_tolerant_control/build/mav_planning_msgs/CMakeFiles/CMakeTmp

Run Build Command(s):/usr/bin/make -f Makefile cmTC_79d3c/fast && /usr/bin/make  -f CMakeFiles/cmTC_79d3c.dir/build.make CMakeFiles/cmTC_79d3c.dir/build
make[1]: Entering directory '/home/chen/fault_tolerant_control/build/mav_planning_msgs/CMakeFiles/CMakeTmp'
Building C object CMakeFiles/cmTC_79d3c.dir/CheckFunctionExists.c.o
/usr/bin/cc   -DCHECK_FUNCTION_EXISTS=pthread_create -o CMakeFiles/cmTC_79d3c.dir/CheckFunctionExists.c.o -c /usr/share/cmake-3.22/Modules/CheckFunctionExists.c
Linking C executable cmTC_79d3c
/usr/bin/cmake -E cmake_link_script CMakeFiles/cmTC_79d3c.dir/link.txt --verbose=1
/usr/bin/cc  -DCHECK_FUNCTION_EXISTS=pthread_create -rdynamic CMakeFiles/cmTC_79d3c.dir/CheckFunctionExists.c.o -o cmTC_79d3c  -lpthreads 
/usr/bin/ld: cannot find -lpthreads
collect2: error: ld returned 1 exit status
CMakeFiles/cmTC_79d3c.dir/build.make:98: recipe for target 'cmTC_79d3c' failed
make[1]: *** [cmTC_79d3c] Error 1
make[1]: Leaving directory '/home/chen/fault_tolerant_control/build/mav_planning_msgs/CMakeFiles/CMakeTmp'
Makefile:127: recipe for target 'cmTC_79d3c/fast' failed
make: *** [cmTC_79d3c/fast] Error 2



