[  0%] Built target _quad_msgs_generate_messages_check_deps_QuadRotorThrusts
[  0%] Built target geometry_msgs_generate_messages_py
[  0%] Built target std_msgs_generate_messages_py
[  0%] Built target _quad_msgs_generate_messages_check_deps_QuadDesiredTorquesAndThrust
[  0%] Built target _quad_msgs_generate_messages_check_deps_OnboardStatus
[  0%] Built target _quad_msgs_generate_messages_check_deps_OnboardParameter
[  0%] Built target _quad_msgs_generate_messages_check_deps_QuadDesiredState
[  0%] Built target _quad_msgs_generate_messages_check_deps_ControllerFeedback
[  0%] Built target _quad_msgs_generate_messages_check_deps_QuadGpioPwmCtrl
[  0%] Built target geometry_msgs_generate_messages_cpp
[  0%] Built target geometry_msgs_generate_messages_eus
[  0%] Built target std_msgs_generate_messages_cpp
[  0%] Built target _quad_msgs_generate_messages_check_deps_Px4Timesync
[  0%] Built target _quad_msgs_generate_messages_check_deps_QuadStateEstimate
[  0%] Built target _quad_msgs_generate_messages_check_deps_ControlCommand
[  0%] Built target _quad_msgs_generate_messages_check_deps_QuadReferenceCommand
[  0%] Built target std_msgs_generate_messages_eus
[  0%] Built target geometry_msgs_generate_messages_lisp
[  0%] Built target std_msgs_generate_messages_lisp
[  0%] Built target geometry_msgs_generate_messages_nodejs
[  0%] Built target std_msgs_generate_messages_nodejs
[  3%] [34m[1mGenerating Python from MSG quad_msgs/OnboardStatus[0m
[  3%] [34m[1mGenerating Python from MSG quad_msgs/QuadDesiredTorquesAndThrust[0m
[  5%] [34m[1mGenerating Python from MSG quad_msgs/OnboardParameter[0m
[  7%] [34m[1mGenerating Python from MSG quad_msgs/QuadDesiredState[0m
[  8%] [34m[1mGenerating Python from MSG quad_msgs/ControllerFeedback[0m
[ 10%] [34m[1mGenerating Python from MSG quad_msgs/QuadGpioPwmCtrl[0m
[ 12%] [34m[1mGenerating Python from MSG quad_msgs/Px4Timesync[0m
[ 14%] [34m[1mGenerating Python from MSG quad_msgs/QuadStateEstimate[0m
[ 15%] [34m[1mGenerating C++ code from quad_msgs/QuadDesiredTorquesAndThrust.msg[0m
[ 17%] [34m[1mGenerating C++ code from quad_msgs/OnboardStatus.msg[0m
[ 19%] [34m[1mGenerating Python from MSG quad_msgs/QuadReferenceCommand[0m
[ 21%] [34m[1mGenerating Python from MSG quad_msgs/ControlCommand[0m
[ 22%] [34m[1mGenerating C++ code from quad_msgs/OnboardParameter.msg[0m
[ 24%] [34m[1mGenerating Python from MSG quad_msgs/QuadRotorThrusts[0m
[ 26%] [34m[1mGenerating C++ code from quad_msgs/QuadDesiredState.msg[0m
[ 28%] [34m[1mGenerating C++ code from quad_msgs/ControllerFeedback.msg[0m
[ 29%] [34m[1mGenerating Python msg __init__.py for quad_msgs[0m
[ 31%] [34m[1mGenerating C++ code from quad_msgs/QuadGpioPwmCtrl.msg[0m
[ 31%] Built target quad_msgs_generate_messages_py
[ 33%] [34m[1mGenerating C++ code from quad_msgs/Px4Timesync.msg[0m
[ 35%] [34m[1mGenerating C++ code from quad_msgs/QuadStateEstimate.msg[0m
[ 38%] [34m[1mGenerating EusLisp code from quad_msgs/QuadDesiredTorquesAndThrust.msg[0m
[ 38%] [34m[1mGenerating Lisp code from quad_msgs/QuadDesiredTorquesAndThrust.msg[0m
[ 40%] [34m[1mGenerating Lisp code from quad_msgs/OnboardStatus.msg[0m
[ 42%] [34m[1mGenerating EusLisp code from quad_msgs/OnboardParameter.msg[0m
[ 43%] [34m[1mGenerating EusLisp code from quad_msgs/OnboardStatus.msg[0m
[ 45%] [34m[1mGenerating C++ code from quad_msgs/QuadReferenceCommand.msg[0m
[ 47%] [34m[1mGenerating Lisp code from quad_msgs/OnboardParameter.msg[0m
[ 49%] [34m[1mGenerating Lisp code from quad_msgs/QuadDesiredState.msg[0m
[ 50%] [34m[1mGenerating EusLisp code from quad_msgs/QuadDesiredState.msg[0m
[ 52%] [34m[1mGenerating C++ code from quad_msgs/ControlCommand.msg[0m
[ 54%] [34m[1mGenerating EusLisp code from quad_msgs/ControllerFeedback.msg[0m
[ 56%] [34m[1mGenerating Lisp code from quad_msgs/ControllerFeedback.msg[0m
[ 57%] [34m[1mGenerating Lisp code from quad_msgs/QuadGpioPwmCtrl.msg[0m
[ 59%] [34m[1mGenerating Lisp code from quad_msgs/Px4Timesync.msg[0m
[ 61%] [34m[1mGenerating Lisp code from quad_msgs/QuadStateEstimate.msg[0m
[ 63%] [34m[1mGenerating EusLisp code from quad_msgs/QuadGpioPwmCtrl.msg[0m
[ 64%] [34m[1mGenerating EusLisp code from quad_msgs/Px4Timesync.msg[0m
[ 66%] [34m[1mGenerating EusLisp code from quad_msgs/QuadStateEstimate.msg[0m
[ 68%] [34m[1mGenerating EusLisp code from quad_msgs/QuadReferenceCommand.msg[0m
[ 70%] [34m[1mGenerating EusLisp code from quad_msgs/ControlCommand.msg[0m
[ 71%] [34m[1mGenerating Lisp code from quad_msgs/QuadReferenceCommand.msg[0m
[ 73%] [34m[1mGenerating C++ code from quad_msgs/QuadRotorThrusts.msg[0m
[ 75%] [34m[1mGenerating EusLisp code from quad_msgs/QuadRotorThrusts.msg[0m
[ 77%] [34m[1mGenerating Lisp code from quad_msgs/ControlCommand.msg[0m
[ 78%] [34m[1mGenerating EusLisp manifest code for quad_msgs[0m
[ 80%] [34m[1mGenerating Javascript code from quad_msgs/QuadDesiredTorquesAndThrust.msg[0m
[ 82%] [34m[1mGenerating Javascript code from quad_msgs/OnboardParameter.msg[0m
[ 84%] [34m[1mGenerating Javascript code from quad_msgs/OnboardStatus.msg[0m
[ 85%] [34m[1mGenerating Lisp code from quad_msgs/QuadRotorThrusts.msg[0m
[ 87%] [34m[1mGenerating Javascript code from quad_msgs/QuadDesiredState.msg[0m
[ 89%] [34m[1mGenerating Javascript code from quad_msgs/ControllerFeedback.msg[0m
[ 89%] Built target quad_msgs_generate_messages_lisp
[ 91%] [34m[1mGenerating Javascript code from quad_msgs/QuadGpioPwmCtrl.msg[0m
[ 91%] Built target quad_msgs_generate_messages_cpp
[ 92%] [34m[1mGenerating Javascript code from quad_msgs/Px4Timesync.msg[0m
[ 94%] [34m[1mGenerating Javascript code from quad_msgs/QuadStateEstimate.msg[0m
[ 96%] [34m[1mGenerating Javascript code from quad_msgs/QuadReferenceCommand.msg[0m
[ 98%] [34m[1mGenerating Javascript code from quad_msgs/ControlCommand.msg[0m
[100%] [34m[1mGenerating Javascript code from quad_msgs/QuadRotorThrusts.msg[0m
[100%] Built target quad_msgs_generate_messages_nodejs
[100%] Built target quad_msgs_generate_messages_eus
[100%] Built target quad_msgs_generate_messages
