Symlinking /home/chen/fault_tolerant_control/devel/share/gennodejs/ros/quad_msgs/_index.js
Symlinking /home/chen/fault_tolerant_control/devel/share/gennodejs/ros/quad_msgs/msg/QuadRotorThrusts.js
Symlinking /home/chen/fault_tolerant_control/devel/share/gennodejs/ros/quad_msgs/msg/QuadGpioPwmCtrl.js
Symlinking /home/chen/fault_tolerant_control/devel/share/gennodejs/ros/quad_msgs/msg/QuadReferenceCommand.js
Symlinking /home/chen/fault_tolerant_control/devel/share/gennodejs/ros/quad_msgs/msg/OnboardStatus.js
Symlinking /home/chen/fault_tolerant_control/devel/share/gennodejs/ros/quad_msgs/msg/QuadStateEstimate.js
Symlinking /home/chen/fault_tolerant_control/devel/share/gennodejs/ros/quad_msgs/msg/ControlCommand.js
Symlinking /home/chen/fault_tolerant_control/devel/share/gennodejs/ros/quad_msgs/msg/QuadDesiredTorquesAndThrust.js
Symlinking /home/chen/fault_tolerant_control/devel/share/gennodejs/ros/quad_msgs/msg/OnboardParameter.js
Symlinking /home/chen/fault_tolerant_control/devel/share/gennodejs/ros/quad_msgs/msg/_index.js
Symlinking /home/chen/fault_tolerant_control/devel/share/gennodejs/ros/quad_msgs/msg/ControllerFeedback.js
Symlinking /home/chen/fault_tolerant_control/devel/share/gennodejs/ros/quad_msgs/msg/Px4Timesync.js
Symlinking /home/chen/fault_tolerant_control/devel/share/gennodejs/ros/quad_msgs/msg/QuadDesiredState.js
Symlinking /home/chen/fault_tolerant_control/devel/share/common-lisp/ros/quad_msgs/msg/quad_msgs-msg.asd
Symlinking /home/chen/fault_tolerant_control/devel/share/common-lisp/ros/quad_msgs/msg/_package_QuadDesiredState.lisp
Symlinking /home/chen/fault_tolerant_control/devel/share/common-lisp/ros/quad_msgs/msg/_package_QuadStateEstimate.lisp
Symlinking /home/chen/fault_tolerant_control/devel/share/common-lisp/ros/quad_msgs/msg/_package_QuadGpioPwmCtrl.lisp
Symlinking /home/chen/fault_tolerant_control/devel/share/common-lisp/ros/quad_msgs/msg/QuadReferenceCommand.lisp
Symlinking /home/chen/fault_tolerant_control/devel/share/common-lisp/ros/quad_msgs/msg/Px4Timesync.lisp
Symlinking /home/chen/fault_tolerant_control/devel/share/common-lisp/ros/quad_msgs/msg/OnboardStatus.lisp
Symlinking /home/chen/fault_tolerant_control/devel/share/common-lisp/ros/quad_msgs/msg/_package.lisp
Symlinking /home/chen/fault_tolerant_control/devel/share/common-lisp/ros/quad_msgs/msg/_package_QuadRotorThrusts.lisp
Symlinking /home/chen/fault_tolerant_control/devel/share/common-lisp/ros/quad_msgs/msg/QuadStateEstimate.lisp
Symlinking /home/chen/fault_tolerant_control/devel/share/common-lisp/ros/quad_msgs/msg/ControllerFeedback.lisp
Symlinking /home/chen/fault_tolerant_control/devel/share/common-lisp/ros/quad_msgs/msg/_package_Px4Timesync.lisp
Symlinking /home/chen/fault_tolerant_control/devel/share/common-lisp/ros/quad_msgs/msg/QuadGpioPwmCtrl.lisp
Symlinking /home/chen/fault_tolerant_control/devel/share/common-lisp/ros/quad_msgs/msg/_package_QuadReferenceCommand.lisp
Symlinking /home/chen/fault_tolerant_control/devel/share/common-lisp/ros/quad_msgs/msg/OnboardParameter.lisp
Symlinking /home/chen/fault_tolerant_control/devel/share/common-lisp/ros/quad_msgs/msg/_package_OnboardStatus.lisp
Symlinking /home/chen/fault_tolerant_control/devel/share/common-lisp/ros/quad_msgs/msg/QuadRotorThrusts.lisp
Symlinking /home/chen/fault_tolerant_control/devel/share/common-lisp/ros/quad_msgs/msg/ControlCommand.lisp
Symlinking /home/chen/fault_tolerant_control/devel/share/common-lisp/ros/quad_msgs/msg/_package_OnboardParameter.lisp
Symlinking /home/chen/fault_tolerant_control/devel/share/common-lisp/ros/quad_msgs/msg/_package_QuadDesiredTorquesAndThrust.lisp
Symlinking /home/chen/fault_tolerant_control/devel/share/common-lisp/ros/quad_msgs/msg/_package_ControlCommand.lisp
Symlinking /home/chen/fault_tolerant_control/devel/share/common-lisp/ros/quad_msgs/msg/_package_ControllerFeedback.lisp
Symlinking /home/chen/fault_tolerant_control/devel/share/common-lisp/ros/quad_msgs/msg/QuadDesiredState.lisp
Symlinking /home/chen/fault_tolerant_control/devel/share/common-lisp/ros/quad_msgs/msg/QuadDesiredTorquesAndThrust.lisp
Symlinking /home/chen/fault_tolerant_control/devel/share/roseus/ros/quad_msgs/manifest.l
Symlinking /home/chen/fault_tolerant_control/devel/share/roseus/ros/quad_msgs/msg/QuadDesiredState.l
Symlinking /home/chen/fault_tolerant_control/devel/share/roseus/ros/quad_msgs/msg/QuadGpioPwmCtrl.l
Symlinking /home/chen/fault_tolerant_control/devel/share/roseus/ros/quad_msgs/msg/QuadStateEstimate.l
Symlinking /home/chen/fault_tolerant_control/devel/share/roseus/ros/quad_msgs/msg/OnboardParameter.l
Symlinking /home/chen/fault_tolerant_control/devel/share/roseus/ros/quad_msgs/msg/Px4Timesync.l
Symlinking /home/chen/fault_tolerant_control/devel/share/roseus/ros/quad_msgs/msg/ControllerFeedback.l
Symlinking /home/chen/fault_tolerant_control/devel/share/roseus/ros/quad_msgs/msg/OnboardStatus.l
Symlinking /home/chen/fault_tolerant_control/devel/share/roseus/ros/quad_msgs/msg/QuadDesiredTorquesAndThrust.l
Symlinking /home/chen/fault_tolerant_control/devel/share/roseus/ros/quad_msgs/msg/ControlCommand.l
Symlinking /home/chen/fault_tolerant_control/devel/share/roseus/ros/quad_msgs/msg/QuadRotorThrusts.l
Symlinking /home/chen/fault_tolerant_control/devel/share/roseus/ros/quad_msgs/msg/QuadReferenceCommand.l
Symlinking /home/chen/fault_tolerant_control/devel/share/quad_msgs/cmake/quad_msgsConfig-version.cmake
Symlinking /home/chen/fault_tolerant_control/devel/share/quad_msgs/cmake/quad_msgs-msg-extras.cmake
Symlinking /home/chen/fault_tolerant_control/devel/share/quad_msgs/cmake/quad_msgs-msg-paths.cmake
Symlinking /home/chen/fault_tolerant_control/devel/share/quad_msgs/cmake/quad_msgsConfig.cmake
Symlinking /home/chen/fault_tolerant_control/devel/include/quad_msgs/QuadStateEstimate.h
Symlinking /home/chen/fault_tolerant_control/devel/include/quad_msgs/QuadGpioPwmCtrl.h
Symlinking /home/chen/fault_tolerant_control/devel/include/quad_msgs/Px4Timesync.h
Symlinking /home/chen/fault_tolerant_control/devel/include/quad_msgs/QuadRotorThrusts.h
Symlinking /home/chen/fault_tolerant_control/devel/include/quad_msgs/OnboardStatus.h
Symlinking /home/chen/fault_tolerant_control/devel/include/quad_msgs/QuadReferenceCommand.h
Symlinking /home/chen/fault_tolerant_control/devel/include/quad_msgs/QuadDesiredTorquesAndThrust.h
Symlinking /home/chen/fault_tolerant_control/devel/include/quad_msgs/OnboardParameter.h
Symlinking /home/chen/fault_tolerant_control/devel/include/quad_msgs/ControlCommand.h
Symlinking /home/chen/fault_tolerant_control/devel/include/quad_msgs/QuadDesiredState.h
Symlinking /home/chen/fault_tolerant_control/devel/include/quad_msgs/ControllerFeedback.h
Symlinking /home/chen/fault_tolerant_control/devel/lib/python2.7/dist-packages/quad_msgs/__init__.py
Symlinking /home/chen/fault_tolerant_control/devel/lib/python2.7/dist-packages/quad_msgs/msg/_QuadGpioPwmCtrl.py
Symlinking /home/chen/fault_tolerant_control/devel/lib/python2.7/dist-packages/quad_msgs/msg/_QuadRotorThrusts.py
Symlinking /home/chen/fault_tolerant_control/devel/lib/python2.7/dist-packages/quad_msgs/msg/_QuadReferenceCommand.py
Symlinking /home/chen/fault_tolerant_control/devel/lib/python2.7/dist-packages/quad_msgs/msg/_Px4Timesync.py
Symlinking /home/chen/fault_tolerant_control/devel/lib/python2.7/dist-packages/quad_msgs/msg/__init__.py
Symlinking /home/chen/fault_tolerant_control/devel/lib/python2.7/dist-packages/quad_msgs/msg/_OnboardStatus.py
Symlinking /home/chen/fault_tolerant_control/devel/lib/python2.7/dist-packages/quad_msgs/msg/_QuadStateEstimate.py
Symlinking /home/chen/fault_tolerant_control/devel/lib/python2.7/dist-packages/quad_msgs/msg/_ControllerFeedback.py
Symlinking /home/chen/fault_tolerant_control/devel/lib/python2.7/dist-packages/quad_msgs/msg/_QuadDesiredTorquesAndThrust.py
Symlinking /home/chen/fault_tolerant_control/devel/lib/python2.7/dist-packages/quad_msgs/msg/_OnboardParameter.py
Symlinking /home/chen/fault_tolerant_control/devel/lib/python2.7/dist-packages/quad_msgs/msg/_QuadDesiredState.py
Symlinking /home/chen/fault_tolerant_control/devel/lib/python2.7/dist-packages/quad_msgs/msg/_ControlCommand.py
Symlinking /home/chen/fault_tolerant_control/devel/lib/pkgconfig/quad_msgs.pc
