Performing C SOURCE FILE Test CMAKE_HAVE_LIBC_PTHREAD failed with the following output:
Change Dir: /home/chen/fault_tolerant_control/build/eigen_catkin/CMakeFiles/CMakeTmp

Run Build Command(s):/usr/bin/make -f Makefile cmTC_5408a/fast && /usr/bin/make  -f CMakeFiles/cmTC_5408a.dir/build.make CMakeFiles/cmTC_5408a.dir/build
make[1]: Entering directory '/home/chen/fault_tolerant_control/build/eigen_catkin/CMakeFiles/CMakeTmp'
Building C object CMakeFiles/cmTC_5408a.dir/src.c.o
/usr/bin/cc -DCMAKE_HAVE_LIBC_PTHREAD   -o CMakeFiles/cmTC_5408a.dir/src.c.o -c /home/chen/fault_tolerant_control/build/eigen_catkin/CMakeFiles/CMakeTmp/src.c
Linking C executable cmTC_5408a
/usr/bin/cmake -E cmake_link_script CMakeFiles/cmTC_5408a.dir/link.txt --verbose=1
/usr/bin/cc -rdynamic CMakeFiles/cmTC_5408a.dir/src.c.o -o cmTC_5408a 
CMakeFiles/cmTC_5408a.dir/src.c.o: In function `main':
src.c:(.text+0x3e): undefined reference to `pthread_create'
src.c:(.text+0x4a): undefined reference to `pthread_detach'
src.c:(.text+0x56): undefined reference to `pthread_cancel'
src.c:(.text+0x67): undefined reference to `pthread_join'
src.c:(.text+0x7b): undefined reference to `pthread_atfork'
collect2: error: ld returned 1 exit status
CMakeFiles/cmTC_5408a.dir/build.make:98: recipe for target 'cmTC_5408a' failed
make[1]: *** [cmTC_5408a] Error 1
make[1]: Leaving directory '/home/chen/fault_tolerant_control/build/eigen_catkin/CMakeFiles/CMakeTmp'
Makefile:127: recipe for target 'cmTC_5408a/fast' failed
make: *** [cmTC_5408a/fast] Error 2


Source file was:
#include <pthread.h>

static void* test_func(void* data)
{
  return data;
}

int main(void)
{
  pthread_t thread;
  pthread_create(&thread, NULL, test_func, NULL);
  pthread_detach(thread);
  pthread_cancel(thread);
  pthread_join(thread, NULL);
  pthread_atfork(NULL, NULL, NULL);
  pthread_exit(NULL);

  return 0;
}

Determining if the function pthread_create exists in the pthreads failed with the following output:
Change Dir: /home/chen/fault_tolerant_control/build/eigen_catkin/CMakeFiles/CMakeTmp

Run Build Command(s):/usr/bin/make -f Makefile cmTC_691ea/fast && /usr/bin/make  -f CMakeFiles/cmTC_691ea.dir/build.make CMakeFiles/cmTC_691ea.dir/build
make[1]: Entering directory '/home/chen/fault_tolerant_control/build/eigen_catkin/CMakeFiles/CMakeTmp'
Building C object CMakeFiles/cmTC_691ea.dir/CheckFunctionExists.c.o
/usr/bin/cc   -DCHECK_FUNCTION_EXISTS=pthread_create -o CMakeFiles/cmTC_691ea.dir/CheckFunctionExists.c.o -c /usr/share/cmake-3.22/Modules/CheckFunctionExists.c
Linking C executable cmTC_691ea
/usr/bin/cmake -E cmake_link_script CMakeFiles/cmTC_691ea.dir/link.txt --verbose=1
/usr/bin/cc  -DCHECK_FUNCTION_EXISTS=pthread_create -rdynamic CMakeFiles/cmTC_691ea.dir/CheckFunctionExists.c.o -o cmTC_691ea  -lpthreads 
/usr/bin/ld: cannot find -lpthreads
collect2: error: ld returned 1 exit status
CMakeFiles/cmTC_691ea.dir/build.make:98: recipe for target 'cmTC_691ea' failed
make[1]: *** [cmTC_691ea] Error 1
make[1]: Leaving directory '/home/chen/fault_tolerant_control/build/eigen_catkin/CMakeFiles/CMakeTmp'
Makefile:127: recipe for target 'cmTC_691ea/fast' failed
make: *** [cmTC_691ea/fast] Error 2



