[  9%] Built target icarous.xml-v1.0
[  9%] Built target common.xml-v1.0
[ 18%] Built target ASLUAV.xml-v1.0
[ 18%] Built target all.xml-v1.0
[ 27%] Built target ardupilotmega.xml-v1.0
[ 27%] Built target standard.xml-v1.0
[ 31%] Built target matrixpilot.xml-v1.0
[ 36%] Built target development.xml-v1.0
[ 40%] Built target paparazzi.xml-v1.0
[ 45%] Built target uAvionix.xml-v1.0
[ 50%] Built target ualberta.xml-v1.0
[ 54%] Built target ardupilotmega.xml-v2.0
[ 59%] Built target all.xml-v2.0
[ 63%] Built target icarous.xml-v2.0
[ 68%] Built target ASLUAV.xml-v2.0
[ 90%] Built target uAvionix.xml-v2.0
[ 90%] Built target paparazzi.xml-v2.0
[ 90%] Built target development.xml-v2.0
[ 90%] Built target ualberta.xml-v2.0
[ 90%] Built target standard.xml-v2.0
[ 95%] Built target matrixpilot.xml-v2.0
[100%] Built target common.xml-v2.0
