[  0%] Built target actionlib_generate_messages_eus
[  0%] Built target actionlib_generate_messages_lisp
[  0%] Built target actionlib_generate_messages_nodejs
[  0%] Built target geometry_msgs_generate_messages_cpp
[  0%] Built target std_msgs_generate_messages_lisp
[  0%] Built target actionlib_generate_messages_py
[  0%] Built target tf2_msgs_generate_messages_cpp
[  0%] Built target tf2_msgs_generate_messages_eus
[  0%] Built target tf2_msgs_generate_messages_lisp
[  0%] Built target tf2_msgs_generate_messages_py
[  0%] Built target tf2_msgs_generate_messages_nodejs
[  0%] Built target trajectory_msgs_generate_messages_cpp
[  0%] Built target trajectory_msgs_generate_messages_eus
[  0%] Built target trajectory_msgs_generate_messages_lisp
[  0%] Built target trajectory_msgs_generate_messages_nodejs
[  0%] Built target trajectory_msgs_generate_messages_py
[  0%] Built target tf_generate_messages_cpp
[  0%] Built target tf_generate_messages_nodejs
[  0%] Built target tf_generate_messages_eus
[  0%] Built target tf_generate_messages_py
[  0%] Built target tf_generate_messages_lisp
[  0%] Built target visualization_msgs_generate_messages_cpp
[  0%] Built target visualization_msgs_generate_messages_eus
[  0%] Built target uuid_msgs_generate_messages_cpp
[  0%] Built target visualization_msgs_generate_messages_py
[  0%] Built target visualization_msgs_generate_messages_lisp
[  0%] Built target visualization_msgs_generate_messages_nodejs
[  0%] Built target geographic_msgs_generate_messages_py
[  0%] Built target uuid_msgs_generate_messages_eus
[  0%] Built target uuid_msgs_generate_messages_py
[  0%] Built target mavros_msgs_generate_messages_eus
[  0%] Built target uuid_msgs_generate_messages_lisp
[  0%] Built target mavros_msgs_generate_messages_lisp
[  0%] Built target mavros_msgs_generate_messages_cpp
[  0%] Built target uuid_msgs_generate_messages_nodejs
[  0%] Built target mavros_msgs_generate_messages_nodejs
[  0%] Built target sensor_msgs_generate_messages_eus
[  0%] Built target sensor_msgs_generate_messages_cpp
[  0%] Built target sensor_msgs_generate_messages_lisp
[  0%] Built target sensor_msgs_generate_messages_py
[  0%] Built target sensor_msgs_generate_messages_nodejs
[  0%] Built target nav_msgs_generate_messages_cpp
[  0%] Built target mavros_msgs_generate_messages_py
[  0%] Built target nav_msgs_generate_messages_eus
[  0%] Built target nav_msgs_generate_messages_lisp
[  0%] Built target nav_msgs_generate_messages_nodejs
[  0%] Built target actionlib_msgs_generate_messages_eus
[  0%] Built target actionlib_msgs_generate_messages_lisp
[  0%] Built target nav_msgs_generate_messages_py
[  0%] Built target actionlib_msgs_generate_messages_cpp
[  0%] Built target actionlib_msgs_generate_messages_nodejs
[  0%] Built target actionlib_msgs_generate_messages_py
[  0%] Built target std_msgs_generate_messages_nodejs
[  0%] Built target actionlib_generate_messages_cpp
[  0%] Built target diagnostic_msgs_generate_messages_eus
[  0%] Built target std_msgs_generate_messages_py
[  0%] Built target diagnostic_msgs_generate_messages_lisp
[  0%] Built target diagnostic_msgs_generate_messages_cpp
[  0%] Built target diagnostic_msgs_generate_messages_py
[  0%] Built target diagnostic_msgs_generate_messages_nodejs
[  0%] Built target roscpp_generate_messages_eus
[  0%] Built target roscpp_generate_messages_nodejs
[  0%] Built target roscpp_generate_messages_lisp
[  0%] Built target roscpp_generate_messages_cpp
[  0%] Built target roscpp_generate_messages_py
[  0%] Built target rosgraph_msgs_generate_messages_py
[  0%] Built target rosgraph_msgs_generate_messages_nodejs
[  0%] Built target rosgraph_msgs_generate_messages_eus
[  0%] Built target rosgraph_msgs_generate_messages_lisp
[  0%] Built target geographic_msgs_generate_messages_eus
[  0%] Built target rosgraph_msgs_generate_messages_cpp
[  0%] Built target geographic_msgs_generate_messages_cpp
[  0%] Built target geographic_msgs_generate_messages_lisp
[  0%] Built target geometry_msgs_generate_messages_lisp
[  0%] Built target geographic_msgs_generate_messages_nodejs
[  0%] Built target geometry_msgs_generate_messages_nodejs
[  0%] Built target geometry_msgs_generate_messages_py
[  2%] Built target std_msgs_generate_messages_eus
[  2%] [32mBuilding CXX object CMakeFiles/visualization.dir/src/visualization.cpp.o[0m
[  2%] Built target geometry_msgs_generate_messages_eus
[  5%] [32mBuilding CXX object CMakeFiles/servo_state_publisher.dir/src/servo_state_publisher.cpp.o[0m
[  5%] Built target std_msgs_generate_messages_cpp
[  8%] [32mBuilding CXX object CMakeFiles/mavros_extras.dir/src/plugins/adsb.cpp.o[0m
[ 11%] [32mBuilding CXX object CMakeFiles/mavros_extras.dir/src/plugins/camera.cpp.o[0m
[ 14%] [32mBuilding CXX object CMakeFiles/mavros_extras.dir/src/plugins/cam_imu_sync.cpp.o[0m
[ 17%] [32mBuilding CXX object CMakeFiles/mavros_extras.dir/src/plugins/companion_process_status.cpp.o[0m
[ 20%] [32mBuilding CXX object CMakeFiles/mavros_extras.dir/src/plugins/onboard_computer_status.cpp.o[0m
[ 22%] [32mBuilding CXX object CMakeFiles/mavros_extras.dir/src/plugins/debug_value.cpp.o[0m
[ 25%] [32mBuilding CXX object CMakeFiles/mavros_extras.dir/src/plugins/distance_sensor.cpp.o[0m
[ 28%] [32mBuilding CXX object CMakeFiles/mavros_extras.dir/src/plugins/esc_status.cpp.o[0m
[ 31%] [32mBuilding CXX object CMakeFiles/mavros_extras.dir/src/plugins/esc_telemetry.cpp.o[0m
[ 34%] [32mBuilding CXX object CMakeFiles/mavros_extras.dir/src/plugins/fake_gps.cpp.o[0m
[ 37%] [32mBuilding CXX object CMakeFiles/mavros_extras.dir/src/plugins/gps_input.cpp.o[0m
[ 40%] [32mBuilding CXX object CMakeFiles/mavros_extras.dir/src/plugins/gps_rtk.cpp.o[0m
[ 42%] [32m[1mLinking CXX executable /home/chen/fault_tolerant_control/devel/.private/mavros_extras/lib/mavros_extras/servo_state_publisher[0m
[ 42%] Built target servo_state_publisher
[ 45%] [32mBuilding CXX object CMakeFiles/mavros_extras.dir/src/plugins/gps_status.cpp.o[0m
[ 48%] [32m[1mLinking CXX executable /home/chen/fault_tolerant_control/devel/.private/mavros_extras/lib/mavros_extras/visualization[0m
[ 48%] Built target visualization
[ 51%] [32mBuilding CXX object CMakeFiles/mavros_extras.dir/src/plugins/landing_target.cpp.o[0m
[ 54%] [32mBuilding CXX object CMakeFiles/mavros_extras.dir/src/plugins/log_transfer.cpp.o[0m
In file included from [01m[K/home/chen/fault_tolerant_control/src/mavros/mavros/include/mavros/utils.h:22:0[m[K,
                 from [01m[K/home/chen/fault_tolerant_control/src/mavros/mavros/include/mavros/mavros_uas.h:30[m[K,
                 from [01m[K/home/chen/fault_tolerant_control/src/mavros/mavros/include/mavros/mavros_plugin.h:25[m[K,
                 from [01m[K/home/chen/fault_tolerant_control/src/mavros/mavros_extras/src/plugins/companion_process_status.cpp:17[m[K:
[01m[K/home/chen/fault_tolerant_control/src/mavros/mavros_msgs/include/mavros_msgs/mavlink_convert.h:45:32:[m[K [01;35m[Kwarning: [m[Kunknown option after ‘[01m[K#pragma GCC diagnostic[m[K’ kind [[01;35m[K-Wpragmas[m[K]
 #pragma GCC diagnostic ignored [01;35m[K"-Waddress-of-packed-member"[m[K
                                [01;35m[K^~~~~~~~~~~~~~~~~~~~~~~~~~~~[m[K
In file included from [01m[K/home/chen/fault_tolerant_control/src/mavros/mavros/include/mavros/utils.h:22:0[m[K,
                 from [01m[K/home/chen/fault_tolerant_control/src/mavros/mavros/include/mavros/mavros_uas.h:30[m[K,
                 from [01m[K/home/chen/fault_tolerant_control/src/mavros/mavros/include/mavros/mavros_plugin.h:25[m[K,
                 from [01m[K/home/chen/fault_tolerant_control/src/mavros/mavros_extras/src/plugins/cam_imu_sync.cpp:17[m[K:
[01m[K/home/chen/fault_tolerant_control/src/mavros/mavros_msgs/include/mavros_msgs/mavlink_convert.h:45:32:[m[K [01;35m[Kwarning: [m[Kunknown option after ‘[01m[K#pragma GCC diagnostic[m[K’ kind [[01;35m[K-Wpragmas[m[K]
 #pragma GCC diagnostic ignored [01;35m[K"-Waddress-of-packed-member"[m[K
                                [01;35m[K^~~~~~~~~~~~~~~~~~~~~~~~~~~~[m[K
In file included from [01m[K/home/chen/fault_tolerant_control/src/mavros/mavros/include/mavros/utils.h:22:0[m[K,
                 from [01m[K/home/chen/fault_tolerant_control/src/mavros/mavros/include/mavros/mavros_uas.h:30[m[K,
                 from [01m[K/home/chen/fault_tolerant_control/src/mavros/mavros/include/mavros/mavros_plugin.h:25[m[K,
                 from [01m[K/home/chen/fault_tolerant_control/src/mavros/mavros_extras/src/plugins/camera.cpp:17[m[K:
[01m[K/home/chen/fault_tolerant_control/src/mavros/mavros_msgs/include/mavros_msgs/mavlink_convert.h:45:32:[m[K [01;35m[Kwarning: [m[Kunknown option after ‘[01m[K#pragma GCC diagnostic[m[K’ kind [[01;35m[K-Wpragmas[m[K]
 #pragma GCC diagnostic ignored [01;35m[K"-Waddress-of-packed-member"[m[K
                                [01;35m[K^~~~~~~~~~~~~~~~~~~~~~~~~~~~[m[K
In file included from [01m[K/home/chen/fault_tolerant_control/src/mavros/mavros/include/mavros/utils.h:22:0[m[K,
                 from [01m[K/home/chen/fault_tolerant_control/src/mavros/mavros_extras/src/plugins/distance_sensor.cpp:17[m[K:
[01m[K/home/chen/fault_tolerant_control/src/mavros/mavros_msgs/include/mavros_msgs/mavlink_convert.h:45:32:[m[K [01;35m[Kwarning: [m[Kunknown option after ‘[01m[K#pragma GCC diagnostic[m[K’ kind [[01;35m[K-Wpragmas[m[K]
 #pragma GCC diagnostic ignored [01;35m[K"-Waddress-of-packed-member"[m[K
                                [01;35m[K^~~~~~~~~~~~~~~~~~~~~~~~~~~~[m[K
In file included from [01m[K/home/chen/fault_tolerant_control/src/mavros/mavros/include/mavros/utils.h:22:0[m[K,
                 from [01m[K/home/chen/fault_tolerant_control/src/mavros/mavros/include/mavros/mavros_uas.h:30[m[K,
                 from [01m[K/home/chen/fault_tolerant_control/src/mavros/mavros/include/mavros/mavros_plugin.h:25[m[K,
                 from [01m[K/home/chen/fault_tolerant_control/src/mavros/mavros_extras/src/plugins/adsb.cpp:17[m[K:
[01m[K/home/chen/fault_tolerant_control/src/mavros/mavros_msgs/include/mavros_msgs/mavlink_convert.h:45:32:[m[K [01;35m[Kwarning: [m[Kunknown option after ‘[01m[K#pragma GCC diagnostic[m[K’ kind [[01;35m[K-Wpragmas[m[K]
 #pragma GCC diagnostic ignored [01;35m[K"-Waddress-of-packed-member"[m[K
                                [01;35m[K^~~~~~~~~~~~~~~~~~~~~~~~~~~~[m[K
In file included from [01m[K/home/chen/fault_tolerant_control/src/mavros/mavros/include/mavros/utils.h:22:0[m[K,
                 from [01m[K/home/chen/fault_tolerant_control/src/mavros/mavros/include/mavros/mavros_uas.h:30[m[K,
                 from [01m[K/home/chen/fault_tolerant_control/src/mavros/mavros/include/mavros/mavros_plugin.h:25[m[K,
                 from [01m[K/home/chen/fault_tolerant_control/src/mavros/mavros_extras/src/plugins/onboard_computer_status.cpp:17[m[K:
[01m[K/home/chen/fault_tolerant_control/src/mavros/mavros_msgs/include/mavros_msgs/mavlink_convert.h:45:32:[m[K [01;35m[Kwarning: [m[Kunknown option after ‘[01m[K#pragma GCC diagnostic[m[K’ kind [[01;35m[K-Wpragmas[m[K]
 #pragma GCC diagnostic ignored [01;35m[K"-Waddress-of-packed-member"[m[K
                                [01;35m[K^~~~~~~~~~~~~~~~~~~~~~~~~~~~[m[K
In file included from [01m[K/home/chen/fault_tolerant_control/src/mavros/mavros/include/mavros/utils.h:22:0[m[K,
                 from [01m[K/home/chen/fault_tolerant_control/src/mavros/mavros/include/mavros/mavros_uas.h:30[m[K,
                 from [01m[K/home/chen/fault_tolerant_control/src/mavros/mavros/include/mavros/mavros_plugin.h:25[m[K,
                 from [01m[K/home/chen/fault_tolerant_control/src/mavros/mavros_extras/src/plugins/debug_value.cpp:17[m[K:
[01m[K/home/chen/fault_tolerant_control/src/mavros/mavros_msgs/include/mavros_msgs/mavlink_convert.h:45:32:[m[K [01;35m[Kwarning: [m[Kunknown option after ‘[01m[K#pragma GCC diagnostic[m[K’ kind [[01;35m[K-Wpragmas[m[K]
 #pragma GCC diagnostic ignored [01;35m[K"-Waddress-of-packed-member"[m[K
                                [01;35m[K^~~~~~~~~~~~~~~~~~~~~~~~~~~~[m[K
[ 57%] [32mBuilding CXX object CMakeFiles/mavros_extras.dir/src/plugins/mag_calibration_status.cpp.o[0m
In file included from [01m[K/home/chen/fault_tolerant_control/src/mavros/mavros/include/mavros/utils.h:22:0[m[K,
                 from [01m[K/home/chen/fault_tolerant_control/src/mavros/mavros/include/mavros/mavros_uas.h:30[m[K,
                 from [01m[K/home/chen/fault_tolerant_control/src/mavros/mavros/include/mavros/mavros_plugin.h:25[m[K,
                 from [01m[K/home/chen/fault_tolerant_control/src/mavros/mavros_extras/src/plugins/esc_status.cpp:17[m[K:
[01m[K/home/chen/fault_tolerant_control/src/mavros/mavros_msgs/include/mavros_msgs/mavlink_convert.h:45:32:[m[K [01;35m[Kwarning: [m[Kunknown option after ‘[01m[K#pragma GCC diagnostic[m[K’ kind [[01;35m[K-Wpragmas[m[K]
 #pragma GCC diagnostic ignored [01;35m[K"-Waddress-of-packed-member"[m[K
                                [01;35m[K^~~~~~~~~~~~~~~~~~~~~~~~~~~~[m[K
In file included from [01m[K/home/chen/fault_tolerant_control/src/mavros/mavros/include/mavros/utils.h:22:0[m[K,
                 from [01m[K/home/chen/fault_tolerant_control/src/mavros/mavros/include/mavros/mavros_uas.h:30[m[K,
                 from [01m[K/home/chen/fault_tolerant_control/src/mavros/mavros/include/mavros/mavros_plugin.h:25[m[K,
                 from [01m[K/home/chen/fault_tolerant_control/src/mavros/mavros_extras/src/plugins/fake_gps.cpp:21[m[K:
[01m[K/home/chen/fault_tolerant_control/src/mavros/mavros_msgs/include/mavros_msgs/mavlink_convert.h:45:32:[m[K [01;35m[Kwarning: [m[Kunknown option after ‘[01m[K#pragma GCC diagnostic[m[K’ kind [[01;35m[K-Wpragmas[m[K]
 #pragma GCC diagnostic ignored [01;35m[K"-Waddress-of-packed-member"[m[K
                                [01;35m[K^~~~~~~~~~~~~~~~~~~~~~~~~~~~[m[K
[ 60%] [32mBuilding CXX object CMakeFiles/mavros_extras.dir/src/plugins/mocap_pose_estimate.cpp.o[0m
[ 62%] [32mBuilding CXX object CMakeFiles/mavros_extras.dir/src/plugins/mount_control.cpp.o[0m
In file included from [01m[K/home/chen/fault_tolerant_control/src/mavros/mavros/include/mavros/utils.h:22:0[m[K,
                 from [01m[K/home/chen/fault_tolerant_control/src/mavros/mavros/include/mavros/mavros_uas.h:30[m[K,
                 from [01m[K/home/chen/fault_tolerant_control/src/mavros/mavros/include/mavros/mavros_plugin.h:25[m[K,
                 from [01m[K/home/chen/fault_tolerant_control/src/mavros/mavros_extras/src/plugins/esc_telemetry.cpp:17[m[K:
[01m[K/home/chen/fault_tolerant_control/src/mavros/mavros_msgs/include/mavros_msgs/mavlink_convert.h:45:32:[m[K [01;35m[Kwarning: [m[Kunknown option after ‘[01m[K#pragma GCC diagnostic[m[K’ kind [[01;35m[K-Wpragmas[m[K]
 #pragma GCC diagnostic ignored [01;35m[K"-Waddress-of-packed-member"[m[K
                                [01;35m[K^~~~~~~~~~~~~~~~~~~~~~~~~~~~[m[K
In file included from [01m[K/home/chen/fault_tolerant_control/src/mavros/mavros/include/mavros/utils.h:22:0[m[K,
                 from [01m[K/home/chen/fault_tolerant_control/src/mavros/mavros/include/mavros/mavros_uas.h:30[m[K,
                 from [01m[K/home/chen/fault_tolerant_control/src/mavros/mavros/include/mavros/mavros_plugin.h:25[m[K,
                 from [01m[K/home/chen/fault_tolerant_control/src/mavros/mavros_extras/src/plugins/gps_input.cpp:17[m[K:
[01m[K/home/chen/fault_tolerant_control/src/mavros/mavros_msgs/include/mavros_msgs/mavlink_convert.h:45:32:[m[K [01;35m[Kwarning: [m[Kunknown option after ‘[01m[K#pragma GCC diagnostic[m[K’ kind [[01;35m[K-Wpragmas[m[K]
 #pragma GCC diagnostic ignored [01;35m[K"-Waddress-of-packed-member"[m[K
                                [01;35m[K^~~~~~~~~~~~~~~~~~~~~~~~~~~~[m[K
[ 65%] [32mBuilding CXX object CMakeFiles/mavros_extras.dir/src/plugins/obstacle_distance.cpp.o[0m
[ 68%] [32mBuilding CXX object CMakeFiles/mavros_extras.dir/src/plugins/odom.cpp.o[0m
In file included from [01m[K/home/chen/fault_tolerant_control/src/mavros/mavros/include/mavros/utils.h:22:0[m[K,
                 from [01m[K/home/chen/fault_tolerant_control/src/mavros/mavros/include/mavros/mavros_uas.h:30[m[K,
                 from [01m[K/home/chen/fault_tolerant_control/src/mavros/mavros/include/mavros/mavros_plugin.h:25[m[K,
                 from [01m[K/home/chen/fault_tolerant_control/src/mavros/mavros_extras/src/plugins/gps_rtk.cpp:17[m[K:
[01m[K/home/chen/fault_tolerant_control/src/mavros/mavros_msgs/include/mavros_msgs/mavlink_convert.h:45:32:[m[K [01;35m[Kwarning: [m[Kunknown option after ‘[01m[K#pragma GCC diagnostic[m[K’ kind [[01;35m[K-Wpragmas[m[K]
 #pragma GCC diagnostic ignored [01;35m[K"-Waddress-of-packed-member"[m[K
                                [01;35m[K^~~~~~~~~~~~~~~~~~~~~~~~~~~~[m[K
In file included from [01m[K/home/chen/fault_tolerant_control/src/mavros/mavros/include/mavros/utils.h:22:0[m[K,
                 from [01m[K/home/chen/fault_tolerant_control/src/mavros/mavros_extras/src/plugins/landing_target.cpp:17[m[K:
[01m[K/home/chen/fault_tolerant_control/src/mavros/mavros_msgs/include/mavros_msgs/mavlink_convert.h:45:32:[m[K [01;35m[Kwarning: [m[Kunknown option after ‘[01m[K#pragma GCC diagnostic[m[K’ kind [[01;35m[K-Wpragmas[m[K]
 #pragma GCC diagnostic ignored [01;35m[K"-Waddress-of-packed-member"[m[K
                                [01;35m[K^~~~~~~~~~~~~~~~~~~~~~~~~~~~[m[K
[ 71%] [32mBuilding CXX object CMakeFiles/mavros_extras.dir/src/plugins/play_tune.cpp.o[0m
[ 74%] [32mBuilding CXX object CMakeFiles/mavros_extras.dir/src/plugins/px4flow.cpp.o[0m
In file included from [01m[K/home/chen/fault_tolerant_control/src/mavros/mavros/include/mavros/utils.h:22:0[m[K,
                 from [01m[K/home/chen/fault_tolerant_control/src/mavros/mavros/include/mavros/mavros_uas.h:30[m[K,
                 from [01m[K/home/chen/fault_tolerant_control/src/mavros/mavros/include/mavros/mavros_plugin.h:25[m[K,
                 from [01m[K/home/chen/fault_tolerant_control/src/mavros/mavros_extras/src/plugins/gps_status.cpp:17[m[K:
[01m[K/home/chen/fault_tolerant_control/src/mavros/mavros_msgs/include/mavros_msgs/mavlink_convert.h:45:32:[m[K [01;35m[Kwarning: [m[Kunknown option after ‘[01m[K#pragma GCC diagnostic[m[K’ kind [[01;35m[K-Wpragmas[m[K]
 #pragma GCC diagnostic ignored [01;35m[K"-Waddress-of-packed-member"[m[K
                                [01;35m[K^~~~~~~~~~~~~~~~~~~~~~~~~~~~[m[K
[ 77%] [32mBuilding CXX object CMakeFiles/mavros_extras.dir/src/plugins/rangefinder.cpp.o[0m
[ 80%] [32mBuilding CXX object CMakeFiles/mavros_extras.dir/src/plugins/trajectory.cpp.o[0m
[ 82%] [32mBuilding CXX object CMakeFiles/mavros_extras.dir/src/plugins/tunnel.cpp.o[0m
[ 85%] [32mBuilding CXX object CMakeFiles/mavros_extras.dir/src/plugins/vibration.cpp.o[0m
[ 88%] [32mBuilding CXX object CMakeFiles/mavros_extras.dir/src/plugins/vision_pose_estimate.cpp.o[0m
[ 91%] [32mBuilding CXX object CMakeFiles/mavros_extras.dir/src/plugins/vision_speed_estimate.cpp.o[0m
In file included from [01m[K/home/chen/fault_tolerant_control/src/mavros/mavros/include/mavros/utils.h:22:0[m[K,
                 from [01m[K/home/chen/fault_tolerant_control/src/mavros/mavros/include/mavros/mavros_uas.h:30[m[K,
                 from [01m[K/home/chen/fault_tolerant_control/src/mavros/mavros/include/mavros/mavros_plugin.h:25[m[K,
                 from [01m[K/home/chen/fault_tolerant_control/src/mavros/mavros_extras/src/plugins/log_transfer.cpp:1[m[K:
[01m[K/home/chen/fault_tolerant_control/src/mavros/mavros_msgs/include/mavros_msgs/mavlink_convert.h:45:32:[m[K [01;35m[Kwarning: [m[Kunknown option after ‘[01m[K#pragma GCC diagnostic[m[K’ kind [[01;35m[K-Wpragmas[m[K]
 #pragma GCC diagnostic ignored [01;35m[K"-Waddress-of-packed-member"[m[K
                                [01;35m[K^~~~~~~~~~~~~~~~~~~~~~~~~~~~[m[K
[ 94%] [32mBuilding CXX object CMakeFiles/mavros_extras.dir/src/plugins/wheel_odometry.cpp.o[0m
In file included from [01m[K/home/chen/fault_tolerant_control/src/mavros/mavros/include/mavros/utils.h:22:0[m[K,
                 from [01m[K/home/chen/fault_tolerant_control/src/mavros/mavros/include/mavros/mavros_uas.h:30[m[K,
                 from [01m[K/home/chen/fault_tolerant_control/src/mavros/mavros/include/mavros/mavros_plugin.h:25[m[K,
                 from [01m[K/home/chen/fault_tolerant_control/src/mavros/mavros_extras/src/plugins/mag_calibration_status.cpp:11[m[K:
[01m[K/home/chen/fault_tolerant_control/src/mavros/mavros_msgs/include/mavros_msgs/mavlink_convert.h:45:32:[m[K [01;35m[Kwarning: [m[Kunknown option after ‘[01m[K#pragma GCC diagnostic[m[K’ kind [[01;35m[K-Wpragmas[m[K]
 #pragma GCC diagnostic ignored [01;35m[K"-Waddress-of-packed-member"[m[K
                                [01;35m[K^~~~~~~~~~~~~~~~~~~~~~~~~~~~[m[K
In file included from [01m[K/home/chen/fault_tolerant_control/src/mavros/mavros/include/mavros/utils.h:22:0[m[K,
                 from [01m[K/home/chen/fault_tolerant_control/src/mavros/mavros/include/mavros/mavros_uas.h:30[m[K,
                 from [01m[K/home/chen/fault_tolerant_control/src/mavros/mavros/include/mavros/mavros_plugin.h:25[m[K,
                 from [01m[K/home/chen/fault_tolerant_control/src/mavros/mavros_extras/src/plugins/mount_control.cpp:17[m[K:
[01m[K/home/chen/fault_tolerant_control/src/mavros/mavros_msgs/include/mavros_msgs/mavlink_convert.h:45:32:[m[K [01;35m[Kwarning: [m[Kunknown option after ‘[01m[K#pragma GCC diagnostic[m[K’ kind [[01;35m[K-Wpragmas[m[K]
 #pragma GCC diagnostic ignored [01;35m[K"-Waddress-of-packed-member"[m[K
                                [01;35m[K^~~~~~~~~~~~~~~~~~~~~~~~~~~~[m[K
In file included from [01m[K/home/chen/fault_tolerant_control/src/mavros/mavros/include/mavros/utils.h:22:0[m[K,
                 from [01m[K/home/chen/fault_tolerant_control/src/mavros/mavros/include/mavros/mavros_uas.h:30[m[K,
                 from [01m[K/home/chen/fault_tolerant_control/src/mavros/mavros/include/mavros/mavros_plugin.h:25[m[K,
                 from [01m[K/home/chen/fault_tolerant_control/src/mavros/mavros_extras/src/plugins/mocap_pose_estimate.cpp:18[m[K:
[01m[K/home/chen/fault_tolerant_control/src/mavros/mavros_msgs/include/mavros_msgs/mavlink_convert.h:45:32:[m[K [01;35m[Kwarning: [m[Kunknown option after ‘[01m[K#pragma GCC diagnostic[m[K’ kind [[01;35m[K-Wpragmas[m[K]
 #pragma GCC diagnostic ignored [01;35m[K"-Waddress-of-packed-member"[m[K
                                [01;35m[K^~~~~~~~~~~~~~~~~~~~~~~~~~~~[m[K
In file included from [01m[K/home/chen/fault_tolerant_control/src/mavros/mavros/include/mavros/utils.h:22:0[m[K,
                 from [01m[K/home/chen/fault_tolerant_control/src/mavros/mavros/include/mavros/mavros_uas.h:30[m[K,
                 from [01m[K/home/chen/fault_tolerant_control/src/mavros/mavros/include/mavros/mavros_plugin.h:25[m[K,
                 from [01m[K/home/chen/fault_tolerant_control/src/mavros/mavros_extras/src/plugins/odom.cpp:19[m[K:
[01m[K/home/chen/fault_tolerant_control/src/mavros/mavros_msgs/include/mavros_msgs/mavlink_convert.h:45:32:[m[K [01;35m[Kwarning: [m[Kunknown option after ‘[01m[K#pragma GCC diagnostic[m[K’ kind [[01;35m[K-Wpragmas[m[K]
 #pragma GCC diagnostic ignored [01;35m[K"-Waddress-of-packed-member"[m[K
                                [01;35m[K^~~~~~~~~~~~~~~~~~~~~~~~~~~~[m[K
[ 97%] [32mBuilding CXX object CMakeFiles/mavros_extras.dir/src/plugins/rotor_control.cpp.o[0m
In file included from [01m[K/home/chen/fault_tolerant_control/src/mavros/mavros/include/mavros/utils.h:22:0[m[K,
                 from [01m[K/home/chen/fault_tolerant_control/src/mavros/mavros/include/mavros/mavros_uas.h:30[m[K,
                 from [01m[K/home/chen/fault_tolerant_control/src/mavros/mavros/include/mavros/mavros_plugin.h:25[m[K,
                 from [01m[K/home/chen/fault_tolerant_control/src/mavros/mavros_extras/src/plugins/obstacle_distance.cpp:17[m[K:
[01m[K/home/chen/fault_tolerant_control/src/mavros/mavros_msgs/include/mavros_msgs/mavlink_convert.h:45:32:[m[K [01;35m[Kwarning: [m[Kunknown option after ‘[01m[K#pragma GCC diagnostic[m[K’ kind [[01;35m[K-Wpragmas[m[K]
 #pragma GCC diagnostic ignored [01;35m[K"-Waddress-of-packed-member"[m[K
                                [01;35m[K^~~~~~~~~~~~~~~~~~~~~~~~~~~~[m[K
In file included from [01m[K/home/chen/fault_tolerant_control/src/mavros/mavros/include/mavros/utils.h:22:0[m[K,
                 from [01m[K/home/chen/fault_tolerant_control/src/mavros/mavros/include/mavros/mavros_uas.h:30[m[K,
                 from [01m[K/home/chen/fault_tolerant_control/src/mavros/mavros/include/mavros/mavros_plugin.h:25[m[K,
                 from [01m[K/home/chen/fault_tolerant_control/src/mavros/mavros_extras/src/plugins/play_tune.cpp:1[m[K:
[01m[K/home/chen/fault_tolerant_control/src/mavros/mavros_msgs/include/mavros_msgs/mavlink_convert.h:45:32:[m[K [01;35m[Kwarning: [m[Kunknown option after ‘[01m[K#pragma GCC diagnostic[m[K’ kind [[01;35m[K-Wpragmas[m[K]
 #pragma GCC diagnostic ignored [01;35m[K"-Waddress-of-packed-member"[m[K
                                [01;35m[K^~~~~~~~~~~~~~~~~~~~~~~~~~~~[m[K
In file included from [01m[K/home/chen/fault_tolerant_control/src/mavros/mavros/include/mavros/utils.h:22:0[m[K,
                 from [01m[K/home/chen/fault_tolerant_control/src/mavros/mavros/include/mavros/mavros_uas.h:30[m[K,
                 from [01m[K/home/chen/fault_tolerant_control/src/mavros/mavros/include/mavros/mavros_plugin.h:25[m[K,
                 from [01m[K/home/chen/fault_tolerant_control/src/mavros/mavros_extras/src/plugins/px4flow.cpp:19[m[K:
[01m[K/home/chen/fault_tolerant_control/src/mavros/mavros_msgs/include/mavros_msgs/mavlink_convert.h:45:32:[m[K [01;35m[Kwarning: [m[Kunknown option after ‘[01m[K#pragma GCC diagnostic[m[K’ kind [[01;35m[K-Wpragmas[m[K]
 #pragma GCC diagnostic ignored [01;35m[K"-Waddress-of-packed-member"[m[K
                                [01;35m[K^~~~~~~~~~~~~~~~~~~~~~~~~~~~[m[K
In file included from [01m[K/home/chen/fault_tolerant_control/src/mavros/mavros/include/mavros/utils.h:22:0[m[K,
                 from [01m[K/home/chen/fault_tolerant_control/src/mavros/mavros/include/mavros/mavros_uas.h:30[m[K,
                 from [01m[K/home/chen/fault_tolerant_control/src/mavros/mavros/include/mavros/mavros_plugin.h:25[m[K,
                 from [01m[K/home/chen/fault_tolerant_control/src/mavros/mavros_extras/src/plugins/tunnel.cpp:2[m[K:
[01m[K/home/chen/fault_tolerant_control/src/mavros/mavros_msgs/include/mavros_msgs/mavlink_convert.h:45:32:[m[K [01;35m[Kwarning: [m[Kunknown option after ‘[01m[K#pragma GCC diagnostic[m[K’ kind [[01;35m[K-Wpragmas[m[K]
 #pragma GCC diagnostic ignored [01;35m[K"-Waddress-of-packed-member"[m[K
                                [01;35m[K^~~~~~~~~~~~~~~~~~~~~~~~~~~~[m[K
In file included from [01m[K/home/chen/fault_tolerant_control/src/mavros/mavros/include/mavros/utils.h:22:0[m[K,
                 from [01m[K/home/chen/fault_tolerant_control/src/mavros/mavros/include/mavros/mavros_uas.h:30[m[K,
                 from [01m[K/home/chen/fault_tolerant_control/src/mavros/mavros/include/mavros/mavros_plugin.h:25[m[K,
                 from [01m[K/home/chen/fault_tolerant_control/src/mavros/mavros_extras/src/plugins/vibration.cpp:17[m[K:
[01m[K/home/chen/fault_tolerant_control/src/mavros/mavros_msgs/include/mavros_msgs/mavlink_convert.h:45:32:[m[K [01;35m[Kwarning: [m[Kunknown option after ‘[01m[K#pragma GCC diagnostic[m[K’ kind [[01;35m[K-Wpragmas[m[K]
 #pragma GCC diagnostic ignored [01;35m[K"-Waddress-of-packed-member"[m[K
                                [01;35m[K^~~~~~~~~~~~~~~~~~~~~~~~~~~~[m[K
In file included from [01m[K/home/chen/fault_tolerant_control/src/mavros/mavros/include/mavros/utils.h:22:0[m[K,
                 from [01m[K/home/chen/fault_tolerant_control/src/mavros/mavros/include/mavros/mavros_uas.h:30[m[K,
                 from [01m[K/home/chen/fault_tolerant_control/src/mavros/mavros/include/mavros/mavros_plugin.h:25[m[K,
                 from [01m[K/home/chen/fault_tolerant_control/src/mavros/mavros_extras/src/plugins/trajectory.cpp:17[m[K:
[01m[K/home/chen/fault_tolerant_control/src/mavros/mavros_msgs/include/mavros_msgs/mavlink_convert.h:45:32:[m[K [01;35m[Kwarning: [m[Kunknown option after ‘[01m[K#pragma GCC diagnostic[m[K’ kind [[01;35m[K-Wpragmas[m[K]
 #pragma GCC diagnostic ignored [01;35m[K"-Waddress-of-packed-member"[m[K
                                [01;35m[K^~~~~~~~~~~~~~~~~~~~~~~~~~~~[m[K
In file included from [01m[K/home/chen/fault_tolerant_control/src/mavros/mavros/include/mavros/utils.h:22:0[m[K,
                 from [01m[K/home/chen/fault_tolerant_control/src/mavros/mavros/include/mavros/mavros_uas.h:30[m[K,
                 from [01m[K/home/chen/fault_tolerant_control/src/mavros/mavros/include/mavros/mavros_plugin.h:25[m[K,
                 from [01m[K/home/chen/fault_tolerant_control/src/mavros/mavros_extras/src/plugins/rangefinder.cpp:17[m[K:
[01m[K/home/chen/fault_tolerant_control/src/mavros/mavros_msgs/include/mavros_msgs/mavlink_convert.h:45:32:[m[K [01;35m[Kwarning: [m[Kunknown option after ‘[01m[K#pragma GCC diagnostic[m[K’ kind [[01;35m[K-Wpragmas[m[K]
 #pragma GCC diagnostic ignored [01;35m[K"-Waddress-of-packed-member"[m[K
                                [01;35m[K^~~~~~~~~~~~~~~~~~~~~~~~~~~~[m[K
In file included from [01m[K/home/chen/fault_tolerant_control/src/mavros/mavros/include/mavros/utils.h:22:0[m[K,
                 from [01m[K/home/chen/fault_tolerant_control/src/mavros/mavros/include/mavros/mavros_uas.h:30[m[K,
                 from [01m[K/home/chen/fault_tolerant_control/src/mavros/mavros/include/mavros/mavros_plugin.h:25[m[K,
                 from [01m[K/home/chen/fault_tolerant_control/src/mavros/mavros_extras/src/plugins/vision_speed_estimate.cpp:18[m[K:
[01m[K/home/chen/fault_tolerant_control/src/mavros/mavros_msgs/include/mavros_msgs/mavlink_convert.h:45:32:[m[K [01;35m[Kwarning: [m[Kunknown option after ‘[01m[K#pragma GCC diagnostic[m[K’ kind [[01;35m[K-Wpragmas[m[K]
 #pragma GCC diagnostic ignored [01;35m[K"-Waddress-of-packed-member"[m[K
                                [01;35m[K^~~~~~~~~~~~~~~~~~~~~~~~~~~~[m[K
In file included from [01m[K/home/chen/fault_tolerant_control/src/mavros/mavros/include/mavros/utils.h:22:0[m[K,
                 from [01m[K/home/chen/fault_tolerant_control/src/mavros/mavros/include/mavros/mavros_uas.h:30[m[K,
                 from [01m[K/home/chen/fault_tolerant_control/src/mavros/mavros/include/mavros/mavros_plugin.h:25[m[K,
                 from [01m[K/home/chen/fault_tolerant_control/src/mavros/mavros_extras/src/plugins/vision_pose_estimate.cpp:18[m[K:
[01m[K/home/chen/fault_tolerant_control/src/mavros/mavros_msgs/include/mavros_msgs/mavlink_convert.h:45:32:[m[K [01;35m[Kwarning: [m[Kunknown option after ‘[01m[K#pragma GCC diagnostic[m[K’ kind [[01;35m[K-Wpragmas[m[K]
 #pragma GCC diagnostic ignored [01;35m[K"-Waddress-of-packed-member"[m[K
                                [01;35m[K^~~~~~~~~~~~~~~~~~~~~~~~~~~~[m[K
In file included from [01m[K/home/chen/fault_tolerant_control/src/mavros/mavros/include/mavros/utils.h:22:0[m[K,
                 from [01m[K/home/chen/fault_tolerant_control/src/mavros/mavros/include/mavros/mavros_uas.h:30[m[K,
                 from [01m[K/home/chen/fault_tolerant_control/src/mavros/mavros/include/mavros/mavros_plugin.h:25[m[K,
                 from [01m[K/home/chen/fault_tolerant_control/src/mavros/mavros_extras/src/plugins/wheel_odometry.cpp:17[m[K:
[01m[K/home/chen/fault_tolerant_control/src/mavros/mavros_msgs/include/mavros_msgs/mavlink_convert.h:45:32:[m[K [01;35m[Kwarning: [m[Kunknown option after ‘[01m[K#pragma GCC diagnostic[m[K’ kind [[01;35m[K-Wpragmas[m[K]
 #pragma GCC diagnostic ignored [01;35m[K"-Waddress-of-packed-member"[m[K
                                [01;35m[K^~~~~~~~~~~~~~~~~~~~~~~~~~~~[m[K
In file included from [01m[K/home/chen/fault_tolerant_control/src/mavros/mavros/include/mavros/utils.h:22:0[m[K,
                 from [01m[K/home/chen/fault_tolerant_control/src/mavros/mavros/include/mavros/mavros_uas.h:30[m[K,
                 from [01m[K/home/chen/fault_tolerant_control/src/mavros/mavros/include/mavros/mavros_plugin.h:25[m[K,
                 from [01m[K/home/chen/fault_tolerant_control/src/mavros/mavros_extras/src/plugins/rotor_control.cpp:1[m[K:
[01m[K/home/chen/fault_tolerant_control/src/mavros/mavros_msgs/include/mavros_msgs/mavlink_convert.h:45:32:[m[K [01;35m[Kwarning: [m[Kunknown option after ‘[01m[K#pragma GCC diagnostic[m[K’ kind [[01;35m[K-Wpragmas[m[K]
 #pragma GCC diagnostic ignored [01;35m[K"-Waddress-of-packed-member"[m[K
                                [01;35m[K^~~~~~~~~~~~~~~~~~~~~~~~~~~~[m[K
[100%] [32m[1mLinking CXX shared library /home/chen/fault_tolerant_control/devel/.private/mavros_extras/lib/libmavros_extras.so[0m
[100%] Built target mavros_extras
